[2024-07-19 18:50:24] INFO: VehicleRepository initialized successfully

[2024-07-19 18:50:24] INFO: Retrieved 0 vehicles

[2024-07-19 18:52:33] INFO: VehicleRepository initialized successfully

[2024-07-19 18:52:33] INFO: Retrieved 0 vehicles

[2024-07-19 18:54:02] INFO: Retrieved 20 vehicles

[2024-07-19 18:54:24] INFO: VehicleRepository closed successfully

[2024-07-19 18:56:07] INFO: VehicleRepository initialized successfully

[2024-07-19 18:56:07] INFO: Retrieved 20 vehicles

[2024-07-19 18:56:33] INFO: VehicleRepository closed successfully

[2024-07-19 18:57:38] INFO: VehicleRepository initialized successfully

[2024-07-19 18:57:38] INFO: Retrieved 20 vehicles

[2024-07-19 18:57:51] INFO: VehicleRepository closed successfully

[2024-07-19 19:01:25] INFO: VehicleRepository initialized successfully

[2024-07-19 19:01:25] INFO: Retrieved 20 vehicles

[2024-07-19 19:02:11] INFO: Retrieved 20 vehicles

[2024-07-19 19:02:16] INFO: VehicleRepository closed successfully

[2024-07-19 19:04:26] INFO: VehicleRepository initialized successfully

[2024-07-19 19:04:26] INFO: Retrieved 20 vehicles

[2024-07-19 19:04:53] INFO: Retrieved 20 vehicles

[2024-07-19 19:05:03] INFO: Retrieved 20 vehicles

[2024-07-19 19:05:09] INFO: VehicleRepository closed successfully

[2024-07-19 19:08:35] INFO: VehicleRepository initialized successfully

[2024-07-19 19:08:35] INFO: Retrieved 20 vehicles

[2024-07-19 19:08:40] INFO: VehicleRepository closed successfully

[2024-07-19 19:09:00] INFO: VehicleRepository initialized successfully

[2024-07-19 19:09:00] INFO: Retrieved 20 vehicles

[2024-07-19 19:09:07] INFO: VehicleRepository closed successfully

[2024-07-19 19:10:15] INFO: VehicleRepository initialized successfully

[2024-07-19 19:10:15] INFO: Retrieved 20 vehicles

[2024-07-19 19:10:47] INFO: VehicleRepository closed successfully

[2024-07-19 19:11:14] INFO: VehicleRepository initialized successfully

[2024-07-19 19:11:14] INFO: Retrieved 20 vehicles

[2024-07-19 19:11:21] INFO: VehicleRepository closed successfully

[2024-07-19 19:13:26] INFO: VehicleRepository initialized successfully

[2024-07-19 19:13:26] INFO: Retrieved 20 vehicles

[2024-07-19 19:14:08] INFO: VehicleRepository closed successfully

[2024-07-19 19:15:27] INFO: VehicleRepository initialized successfully

[2024-07-19 19:15:27] INFO: Retrieved 20 vehicles

[2024-07-19 19:15:34] INFO: VehicleRepository closed successfully

[2024-07-19 19:18:03] INFO: VehicleRepository initialized successfully

[2024-07-19 19:18:03] INFO: Retrieved 20 vehicles

[2024-07-19 19:18:07] INFO: VehicleRepository closed successfully

[2024-07-19 19:18:28] INFO: VehicleRepository initialized successfully

[2024-07-19 19:18:28] INFO: Retrieved 20 vehicles

[2024-07-19 19:18:35] INFO: VehicleRepository closed successfully

[2024-07-19 19:18:58] INFO: VehicleRepository initialized successfully

[2024-07-19 19:18:58] INFO: Retrieved 20 vehicles

[2024-07-19 19:19:03] INFO: VehicleRepository closed successfully

[2024-07-19 19:26:33] INFO: VehicleRepository initialized successfully

[2024-07-19 19:26:33] INFO: Retrieved 20 vehicles

[2024-07-19 19:28:02] INFO: VehicleRepository initialized successfully

[2024-07-19 19:28:02] INFO: Retrieved 20 vehicles

[2024-07-19 19:28:15] INFO: VehicleRepository closed successfully

[2024-07-19 19:28:30] INFO: VehicleRepository initialized successfully

[2024-07-19 19:28:30] INFO: Retrieved 20 vehicles

[2024-07-19 19:28:38] INFO: VehicleRepository closed successfully

[2024-07-19 19:35:54] INFO: VehicleRepository initialized successfully

[2024-07-19 19:35:54] INFO: Retrieved 20 vehicles

[2024-07-19 19:36:30] INFO: Retrieved 20 vehicles

[2024-07-19 19:37:15] INFO: VehicleRepository initialized successfully

[2024-07-19 19:37:15] INFO: Retrieved 20 vehicles

[2024-07-19 19:37:22] INFO: VehicleRepository closed successfully

[2024-07-19 19:38:43] INFO: VehicleRepository initialized successfully

[2024-07-19 19:38:43] INFO: Retrieved 20 vehicles

[2024-07-19 19:39:03] INFO: VehicleRepository closed successfully

[2024-07-19 19:40:34] INFO: VehicleRepository initialized successfully

[2024-07-19 19:40:35] INFO: Retrieved 20 vehicles

[2024-07-19 19:40:48] INFO: Retrieved 20 vehicles

[2024-07-19 19:40:51] INFO: VehicleRepository closed successfully

[2024-07-19 19:41:48] INFO: VehicleRepository initialized successfully

[2024-07-19 19:41:48] INFO: Retrieved 20 vehicles

[2024-07-19 19:41:56] INFO: Retrieved 20 vehicles

[2024-07-19 19:41:59] INFO: VehicleRepository closed successfully

[2024-07-19 20:21:46] INFO: VehicleRepository initialized successfully

[2024-07-19 20:21:46] INFO: Retrieved 20 vehicles

[2024-07-19 20:24:42] INFO: VehicleRepository initialized successfully

[2024-07-19 20:24:42] INFO: Retrieved 20 vehicles

[2024-07-19 20:27:42] INFO: VehicleRepository initialized successfully

[2024-07-19 20:27:42] INFO: Retrieved 20 vehicles

[2024-07-19 20:28:15] INFO: Retrieved 20 vehicles

[2024-07-19 20:28:34] INFO: Retrieved 20 vehicles

[2024-07-19 20:28:37] INFO: VehicleRepository closed successfully

[2024-07-19 20:30:12] INFO: VehicleRepository initialized successfully

[2024-07-19 20:30:12] INFO: Retrieved 20 vehicles

[2024-07-19 20:30:18] INFO: VehicleRepository closed successfully

[2024-07-19 20:30:28] INFO: VehicleRepository initialized successfully

[2024-07-19 20:30:28] INFO: Retrieved 20 vehicles

[2024-07-19 20:30:39] INFO: Retrieved 20 vehicles

[2024-07-19 20:30:42] INFO: VehicleRepository closed successfully

[2024-07-19 20:35:56] INFO: VehicleRepository initialized successfully

[2024-07-19 20:35:56] INFO: Retrieved 20 vehicles

[2024-07-19 20:36:17] INFO: Retrieved 20 vehicles

[2024-07-19 20:36:27] INFO: VehicleRepository closed successfully

[2024-07-19 20:44:59] INFO: VehicleRepository initialized successfully

[2024-07-19 20:44:59] INFO: Retrieved 20 vehicles

[2024-07-19 20:45:03] INFO: Retrieved 20 vehicles

[2024-07-19 20:45:05] INFO: VehicleRepository closed successfully

[2024-07-19 20:45:17] INFO: VehicleRepository initialized successfully

[2024-07-19 20:45:17] INFO: Retrieved 20 vehicles

[2024-07-19 20:45:33] INFO: Retrieved 20 vehicles

[2024-07-19 20:45:47] INFO: Retrieved 20 vehicles

[2024-07-19 20:45:49] INFO: VehicleRepository closed successfully

[2024-07-19 20:48:58] INFO: VehicleRepository initialized successfully

[2024-07-19 20:48:58] INFO: Retrieved 20 vehicles

[2024-07-19 20:52:13] INFO: VehicleRepository initialized successfully

[2024-07-19 20:52:13] INFO: Retrieved 20 vehicles

[2024-07-19 20:53:13] INFO: VehicleRepository initialized successfully

[2024-07-19 20:53:13] INFO: Retrieved 20 vehicles

[2024-07-19 20:57:00] INFO: VehicleRepository initialized successfully

[2024-07-19 20:57:00] INFO: Retrieved 20 vehicles

[2024-07-19 20:57:42] INFO: Retrieved 20 vehicles

[2024-07-19 20:57:46] INFO: VehicleRepository closed successfully

[2024-07-19 21:33:02] INFO: VehicleRepository initialized successfully

[2024-07-19 21:33:02] INFO: Retrieved 20 vehicles

[2024-07-19 21:34:07] INFO: VehicleRepository initialized successfully

[2024-07-19 21:34:07] INFO: VehicleRepository closed successfully

[2024-07-19 21:36:07] INFO: VehicleRepository initialized successfully

[2024-07-19 21:36:08] INFO: Retrieved 20 vehicles

[2024-07-19 21:36:11] INFO: Vehicle successfully updated: (ID: 4, MARCA: CHEVROLET, MODELO: 'SILVERADO', MOTOR: '5.3L V8', COLOR: 'BLANCO', TIPO: PICKUP, PATENTE: 'MNOP78', PUERTAS: 4, 2024-01-20)

[2024-07-19 21:36:32] INFO: VehicleRepository initialized successfully

[2024-07-19 21:36:32] INFO: Retrieved 20 vehicles

[2024-07-19 21:37:13] INFO: Retrieved 20 vehicles

[2024-07-19 21:37:25] INFO: Vehicle successfully updated: (ID: 1, MARCA: TOYOTA, MODELO: 'COROLLA', MOTOR: '1.8L I4', COLOR: 'BLANCO', TIPO: COMPACT, PATENTE: 'ABCD12', PUERTAS: 4, 2024-01-10)

[2024-07-19 21:42:03] INFO: VehicleRepository initialized successfully

[2024-07-19 21:42:03] INFO: Retrieved 20 vehicles

[2024-07-19 21:42:10] INFO: Vehicle successfully updated: (ID: 4, MARCA: CHEVROLET, MODELO: 'SILVERADO', MOTOR: '5.3L V8', COLOR: 'BLANCO', TIPO: PICKUP, PATENTE: 'MNOP78', PUERTAS: 4, 2024-01-20)

[2024-07-19 21:42:11] INFO: Retrieved 20 vehicles

[2024-07-19 21:42:15] INFO: VehicleRepository closed successfully

[2024-07-19 21:45:31] INFO: VehicleRepository initialized successfully

[2024-07-19 21:45:31] INFO: Retrieved 20 vehicles

[2024-07-19 21:46:19] INFO: Vehicle successfully updated: (ID: 7, MARCA: SUBARU, MODELO: 'C-CLASS', MOTOR: '2.0L I4', COLOR: 'PLATA', TIPO: SUBCOMPACT, PATENTE: 'YZAB34', PUERTAS: 4, 2024-01-15)

[2024-07-19 21:46:21] INFO: Retrieved 20 vehicles

[2024-07-19 21:46:30] INFO: Vehicle successfully removed: (ID: 20, MARCA: VOLKSWAGEN, MODELO: 'ID.4', MOTOR: 'Electric', COLOR: 'Blanco', TIPO: ELECTRIC, PATENTE: 'ZABC90', PUERTAS: 5, 2024-02-01)

[2024-07-19 21:46:33] INFO: Retrieved 19 vehicles

[2024-07-19 22:01:29] INFO: VehicleRepository initialized successfully

[2024-07-19 22:01:29] INFO: VehicleRepository closed successfully

[2024-07-19 22:13:49] INFO: VehicleRepository initialized successfully

[2024-07-19 22:13:49] INFO: VehicleRepository closed successfully

[2024-07-19 22:13:58] INFO: VehicleRepository initialized successfully

[2024-07-19 22:13:58] INFO: Retrieved 19 vehicles

[2024-07-19 22:14:02] INFO: Retrieved 19 vehicles

[2024-07-19 22:14:57] INFO: Vehicle added successfully: (ID: 21, MARCA: HONDA, MODELO: 'CIVIC', MOTOR: '1.5', COLOR: 'BLANCO', TIPO: COUPE, PATENTE: 'WERT56', PUERTAS: 3, 2024-07-19)

[2024-07-19 22:15:06] INFO: Retrieved 20 vehicles

[2024-07-19 22:15:25] INFO: VehicleRepository closed successfully

[2024-07-19 22:18:26] INFO: VehicleRepository initialized successfully

[2024-07-19 22:18:26] INFO: Retrieved 20 vehicles

[2024-07-19 22:19:02] INFO: VehicleRepository initialized successfully

[2024-07-19 22:19:02] INFO: Retrieved 20 vehicles

[2024-07-19 22:19:36] INFO: VehicleRepository initialized successfully

[2024-07-19 22:19:36] INFO: Retrieved 20 vehicles

[2024-07-19 22:19:41] INFO: VehicleRepository closed successfully

[2024-07-19 22:20:54] INFO: VehicleRepository initialized successfully

[2024-07-19 22:20:54] INFO: Retrieved 20 vehicles

[2024-07-19 22:20:58] INFO: VehicleRepository closed successfully

